<?xml version="1.0" encoding="UTF-8"?>
<!-- Generated by org.testng.reporters.JUnitReportReporter -->
<testsuite skipped="0" hostname="ATSYSTEMS-PC" name="com.jbk.LoginTest" tests="1" failures="0" timestamp="28 Feb 2022 09:51:35 GMT" time="26.488" errors="0">
  <testcase name="loginTest" time="26.488" classname="com.jbk.LoginTest"/>
</testsuite> <!-- com.jbk.LoginTest -->
