<?xml version="1.0" encoding="UTF-8"?>
<!-- Generated by org.testng.reporters.JUnitReportReporter -->
<testsuite skipped="0" hostname="ATSYSTEMS-PC" name="com.tests.LoginTest" tests="2" failures="0" timestamp="26 Feb 2022 14:16:54 GMT" time="16.770" errors="0">
  <testcase name="test01" time="16.601" classname="com.tests.LoginTest"/>
  <testcase name="verifyHeader" time="0.169" classname="com.tests.LoginTest"/>
</testsuite> <!-- com.tests.LoginTest -->
